  [1m[35m (246.3ms)[0m  [1m[35mCREATE DATABASE "proyecto69_development" ENCODING = 'unicode'[0m
  [1m[35m (55.6ms)[0m  [1m[35mCREATE DATABASE "proyecto69_test" ENCODING = 'unicode'[0m
Started GET "/" for ::1 at 2022-04-01 13:16:19 -0300
Processing by Rails::WelcomeController#index as HTML
  Rendering /Users/mathiasmadsen/.rvm/gems/ruby-2.6.8/gems/railties-6.0.4.7/lib/rails/templates/rails/welcome/index.html.erb
  Rendered /Users/mathiasmadsen/.rvm/gems/ruby-2.6.8/gems/railties-6.0.4.7/lib/rails/templates/rails/welcome/index.html.erb (Duration: 3.7ms | Allocations: 470)
Completed 200 OK in 9ms (Views: 5.8ms | ActiveRecord: 0.0ms | Allocations: 2736)


Started GET "/" for ::1 at 2022-04-01 13:16:27 -0300
Processing by Rails::WelcomeController#index as HTML
  Rendering /Users/mathiasmadsen/.rvm/gems/ruby-2.6.8/gems/railties-6.0.4.7/lib/rails/templates/rails/welcome/index.html.erb
  Rendered /Users/mathiasmadsen/.rvm/gems/ruby-2.6.8/gems/railties-6.0.4.7/lib/rails/templates/rails/welcome/index.html.erb (Duration: 8.3ms | Allocations: 185)
Completed 200 OK in 11ms (Views: 9.6ms | ActiveRecord: 0.0ms | Allocations: 823)


Started GET "/" for ::1 at 2022-04-03 21:08:10 -0400
Processing by MainController#index as HTML
  Rendering main/index.html.erb within layouts/application
  Rendered main/index.html.erb within layouts/application (Duration: 0.5ms | Allocations: 198)
[Webpacker] Compiling...
[Webpacker] Compilation failed:
yarn run v1.22.18
info Visit https://yarnpkg.com/en/docs/cli/run for documentation about this command.


error Command "webpack" not found.

Completed 500 Internal Server Error in 478ms (ActiveRecord: 0.0ms | Allocations: 19838)


  
ActionView::Template::Error (Webpacker can't find application in /Users/mathiasmadsen/Desktop/proyecto-69/public/packs/manifest.json. Possible causes:
1. You want to set webpacker.yml value of compile to true for your environment
   unless you are using the `webpack -w` or the webpack-dev-server.
2. webpack has not yet re-run to reflect updates.
3. You have misconfigured Webpacker's config/webpacker.yml file.
4. Your webpack configuration is not creating a manifest.
Your manifest contains:
{
}
):
     6:     <%= csp_meta_tag %>
     7: 
     8:     <%= stylesheet_link_tag 'application', media: 'all', 'data-turbolinks-track': 'reload' %>
     9:     <%= javascript_pack_tag 'application', 'data-turbolinks-track': 'reload' %>
    10:   </head>
    11: 
    12:   <body>
  
app/views/layouts/application.html.erb:9
Started GET "/favicon.ico" for ::1 at 2022-04-03 21:08:11 -0400
  
ActionController::RoutingError (No route matches [GET] "/favicon.ico"):
  
actionpack (6.0.4.7) lib/action_dispatch/middleware/debug_exceptions.rb:36:in `call'
web-console (4.2.0) lib/web_console/middleware.rb:132:in `call_app'
web-console (4.2.0) lib/web_console/middleware.rb:28:in `block in call'
web-console (4.2.0) lib/web_console/middleware.rb:17:in `catch'
web-console (4.2.0) lib/web_console/middleware.rb:17:in `call'
actionpack (6.0.4.7) lib/action_dispatch/middleware/show_exceptions.rb:33:in `call'
railties (6.0.4.7) lib/rails/rack/logger.rb:37:in `call_app'
railties (6.0.4.7) lib/rails/rack/logger.rb:26:in `block in call'
activesupport (6.0.4.7) lib/active_support/tagged_logging.rb:80:in `block in tagged'
activesupport (6.0.4.7) lib/active_support/tagged_logging.rb:28:in `tagged'
activesupport (6.0.4.7) lib/active_support/tagged_logging.rb:80:in `tagged'
railties (6.0.4.7) lib/rails/rack/logger.rb:26:in `call'
sprockets-rails (3.4.2) lib/sprockets/rails/quiet_assets.rb:13:in `call'
actionpack (6.0.4.7) lib/action_dispatch/middleware/remote_ip.rb:81:in `call'
actionpack (6.0.4.7) lib/action_dispatch/middleware/request_id.rb:27:in `call'
rack (2.2.3) lib/rack/method_override.rb:24:in `call'
rack (2.2.3) lib/rack/runtime.rb:22:in `call'
activesupport (6.0.4.7) lib/active_support/cache/strategy/local_cache_middleware.rb:29:in `call'
actionpack (6.0.4.7) lib/action_dispatch/middleware/executor.rb:14:in `call'
actionpack (6.0.4.7) lib/action_dispatch/middleware/static.rb:126:in `call'
rack (2.2.3) lib/rack/sendfile.rb:110:in `call'
actionpack (6.0.4.7) lib/action_dispatch/middleware/host_authorization.rb:103:in `call'
webpacker (4.3.0) lib/webpacker/dev_server_proxy.rb:23:in `perform_request'
rack-proxy (0.7.2) lib/rack/proxy.rb:67:in `call'
railties (6.0.4.7) lib/rails/engine.rb:527:in `call'
puma (4.3.12) lib/puma/configuration.rb:228:in `call'
puma (4.3.12) lib/puma/server.rb:727:in `handle_request'
puma (4.3.12) lib/puma/server.rb:476:in `process_client'
puma (4.3.12) lib/puma/server.rb:332:in `block in run'
puma (4.3.12) lib/puma/thread_pool.rb:134:in `block in spawn_thread'
Started GET "/" for ::1 at 2022-04-03 21:13:35 -0400
Processing by MainController#index as HTML
  Rendering main/index.html.erb within layouts/application
  Rendered main/index.html.erb within layouts/application (Duration: 0.4ms | Allocations: 198)
[Webpacker] Compiling...
[Webpacker] Compilation failed:
yarn run v1.22.18
info Visit https://yarnpkg.com/en/docs/cli/run for documentation about this command.


error Command "webpack" not found.

Completed 500 Internal Server Error in 541ms (ActiveRecord: 0.0ms | Allocations: 9559)


  
ActionView::Template::Error (Webpacker can't find application in /Users/mathiasmadsen/Desktop/proyecto-69/public/packs/manifest.json. Possible causes:
1. You want to set webpacker.yml value of compile to true for your environment
   unless you are using the `webpack -w` or the webpack-dev-server.
2. webpack has not yet re-run to reflect updates.
3. You have misconfigured Webpacker's config/webpacker.yml file.
4. Your webpack configuration is not creating a manifest.
Your manifest contains:
{
}
):
     6:     <%= csp_meta_tag %>
     7: 
     8:     <%= stylesheet_link_tag 'application', media: 'all', 'data-turbolinks-track': 'reload' %>
     9:     <%= javascript_pack_tag 'application', 'data-turbolinks-track': 'reload' %>
    10:   </head>
    11: 
    12:   <body>
  
app/views/layouts/application.html.erb:9
Started GET "/" for ::1 at 2022-04-03 21:13:43 -0400
Processing by MainController#index as HTML
  Rendering main/index.html.erb within layouts/application
  Rendered main/index.html.erb within layouts/application (Duration: 0.1ms | Allocations: 5)
[Webpacker] Compiling...
[Webpacker] Compilation failed:
yarn run v1.22.18
info Visit https://yarnpkg.com/en/docs/cli/run for documentation about this command.


error Command "webpack" not found.

Completed 500 Internal Server Error in 479ms (ActiveRecord: 0.0ms | Allocations: 5385)


  
ActionView::Template::Error (Webpacker can't find application in /Users/mathiasmadsen/Desktop/proyecto-69/public/packs/manifest.json. Possible causes:
1. You want to set webpacker.yml value of compile to true for your environment
   unless you are using the `webpack -w` or the webpack-dev-server.
2. webpack has not yet re-run to reflect updates.
3. You have misconfigured Webpacker's config/webpacker.yml file.
4. Your webpack configuration is not creating a manifest.
Your manifest contains:
{
}
):
     6:     <%= csp_meta_tag %>
     7: 
     8:     <%= stylesheet_link_tag 'application', media: 'all', 'data-turbolinks-track': 'reload' %>
     9:     <%= javascript_pack_tag 'application', 'data-turbolinks-track': 'reload' %>
    10:   </head>
    11: 
    12:   <body>
  
app/views/layouts/application.html.erb:9
Started GET "/" for ::1 at 2022-04-03 21:14:47 -0400
Processing by MainController#index as HTML
  Rendering main/index.html.erb within layouts/application
  Rendered main/index.html.erb within layouts/application (Duration: 0.3ms | Allocations: 198)
[Webpacker] Compiling...
[Webpacker] Compilation failed:
yarn run v1.22.18
info Visit https://yarnpkg.com/en/docs/cli/run for documentation about this command.


error Command "webpack" not found.

Completed 500 Internal Server Error in 429ms (ActiveRecord: 0.0ms | Allocations: 9559)


  
ActionView::Template::Error (Webpacker can't find application in /Users/mathiasmadsen/Desktop/proyecto-69/public/packs/manifest.json. Possible causes:
1. You want to set webpacker.yml value of compile to true for your environment
   unless you are using the `webpack -w` or the webpack-dev-server.
2. webpack has not yet re-run to reflect updates.
3. You have misconfigured Webpacker's config/webpacker.yml file.
4. Your webpack configuration is not creating a manifest.
Your manifest contains:
{
}
):
     6:     <%= csp_meta_tag %>
     7: 
     8:     <%= stylesheet_link_tag 'application', media: 'all', 'data-turbolinks-track': 'reload' %>
     9:     <%= javascript_pack_tag 'application', 'data-turbolinks-track': 'reload' %>
    10:   </head>
    11: 
    12:   <body>
  
app/views/layouts/application.html.erb:9
